Arguments: 
  /opt/homebrew/Cellar/node/17.5.0/bin/node /opt/homebrew/Cellar/yarn/1.22.17_2/libexec/bin/yarn.js add v1.22.15

PATH: 
  /Users/yuka/.rbenv/shims:~/.rbenv/bin:/opt/homebrew/bin:/opt/homebrew/sbin:/usr/local/bin:/usr/bin:/bin:/usr/sbin:/sbin

Yarn version: 
  1.22.17

Node version: 
  17.5.0

Platform: 
  darwin arm64

Trace: 
  Error: https://registry.yarnpkg.com/v1.22.15: Not found
      at Request.params.callback [as _callback] (/opt/homebrew/Cellar/yarn/1.22.17_2/libexec/lib/cli.js:67029:18)
      at Request.self.callback (/opt/homebrew/Cellar/yarn/1.22.17_2/libexec/lib/cli.js:140883:22)
      at Request.emit (node:events:526:28)
      at Request.<anonymous> (/opt/homebrew/Cellar/yarn/1.22.17_2/libexec/lib/cli.js:141855:10)
      at Request.emit (node:events:526:28)
      at IncomingMessage.<anonymous> (/opt/homebrew/Cellar/yarn/1.22.17_2/libexec/lib/cli.js:141777:12)
      at Object.onceWrapper (node:events:645:28)
      at IncomingMessage.emit (node:events:538:35)
      at endReadableNT (node:internal/streams/readable:1342:12)
      at processTicksAndRejections (node:internal/process/task_queues:83:21)

npm manifest: 
  No manifest

yarn manifest: 
  No manifest

Lockfile: 
  No lockfile
